Using pre-set license
Built from '2021.3/staging' branch; Version is '2021.3.11f1 (0a5ca18544bf) revision 679073'; Using compiler version '192829333'; Build Type 'Release'
OS: 'Windows 10  (10.0.19045) 64bit Core' Language: 'en' Physical Memory: 16277 MB
BatchMode: 1, IsHumanControllingUs: 0, StartBugReporterOnCrash: 0, Is64bit: 1, IsPro: 1

COMMAND LINE ARGUMENTS:
C:\Program Files\Unity\Hub\Editor\2021.3.11f1\Editor\Unity.exe
-adb2
-batchMode
-noUpm
-name
AssetImportWorker0
-projectPath
C:/Users/emmam/Documents/GitHub/VirtualBaby-ParentPerception/V2.2RobotAndDog
-logFile
Logs/AssetImportWorker0.log
-srvPort
49877
Successfully changed project path to: C:/Users/emmam/Documents/GitHub/VirtualBaby-ParentPerception/V2.2RobotAndDog
C:/Users/emmam/Documents/GitHub/VirtualBaby-ParentPerception/V2.2RobotAndDog
[UnityMemory] Configuration Parameters - Can be set up in boot.config
    "memorysetup-bucket-allocator-granularity=16"
    "memorysetup-bucket-allocator-bucket-count=8"
    "memorysetup-bucket-allocator-block-size=33554432"
    "memorysetup-bucket-allocator-block-count=8"
    "memorysetup-main-allocator-block-size=16777216"
    "memorysetup-thread-allocator-block-size=16777216"
    "memorysetup-gfx-main-allocator-block-size=16777216"
    "memorysetup-gfx-thread-allocator-block-size=16777216"
    "memorysetup-cache-allocator-block-size=4194304"
    "memorysetup-typetree-allocator-block-size=2097152"
    "memorysetup-profiler-bucket-allocator-granularity=16"
    "memorysetup-profiler-bucket-allocator-bucket-count=8"
    "memorysetup-profiler-bucket-allocator-block-size=33554432"
    "memorysetup-profiler-bucket-allocator-block-count=8"
    "memorysetup-profiler-allocator-block-size=16777216"
    "memorysetup-profiler-editor-allocator-block-size=1048576"
    "memorysetup-temp-allocator-size-main=16777216"
    "memorysetup-job-temp-allocator-block-size=2097152"
    "memorysetup-job-temp-allocator-block-size-background=1048576"
    "memorysetup-job-temp-allocator-reduction-small-platforms=262144"
    "memorysetup-temp-allocator-size-background-worker=32768"
    "memorysetup-temp-allocator-size-job-worker=262144"
    "memorysetup-temp-allocator-size-preload-manager=33554432"
    "memorysetup-temp-allocator-size-nav-mesh-worker=65536"
    "memorysetup-temp-allocator-size-audio-worker=65536"
    "memorysetup-temp-allocator-size-cloud-worker=32768"
    "memorysetup-temp-allocator-size-gi-baking-worker=262144"
    "memorysetup-temp-allocator-size-gfx=262144"
Refreshing native plugins compatible for Editor in 421.66 ms, found 2 plugins.
Preloading 0 native plugins for Editor in 0.00 ms.
Initialize engine version: 2021.3.11f1 (0a5ca18544bf)
[Subsystems] Discovering subsystems at path C:/Program Files/Unity/Hub/Editor/2021.3.11f1/Editor/Data/Resources/UnitySubsystems
[Subsystems] Discovering subsystems at path C:/Users/emmam/Documents/GitHub/VirtualBaby-ParentPerception/V2.2RobotAndDog/Assets
GfxDevice: creating device client; threaded=0; jobified=0
Direct3D:
    Version:  Direct3D 11.0 [level 11.1]
    Renderer: Intel(R) HD Graphics 4600 (ID=0x416)
    Vendor:   Intel
    VRAM:     2048 MB
    Driver:   20.19.15.4549
Initialize mono
Mono path[0] = 'C:/Program Files/Unity/Hub/Editor/2021.3.11f1/Editor/Data/Managed'
Mono path[1] = 'C:/Program Files/Unity/Hub/Editor/2021.3.11f1/Editor/Data/MonoBleedingEdge/lib/mono/unityjit-win32'
Mono config path = 'C:/Program Files/Unity/Hub/Editor/2021.3.11f1/Editor/Data/MonoBleedingEdge/etc'
Using monoOptions --debugger-agent=transport=dt_socket,embedding=1,server=y,suspend=n,address=127.0.0.1:56364
Begin MonoManager ReloadAssembly
Registering precompiled unity dll's ...
Register platform support module: C:/Program Files/Unity/Hub/Editor/2021.3.11f1/Editor/Data/PlaybackEngines/WindowsStandaloneSupport/UnityEditor.WindowsStandalone.Extensions.dll
Registered in 0.028194 seconds.
Native extension for WindowsStandalone target not found
Refreshing native plugins compatible for Editor in 408.74 ms, found 2 plugins.
Preloading 0 native plugins for Editor in 0.00 ms.
Mono: successfully reloaded assembly
- Completed reload, in  4.352 seconds
Domain Reload Profiling:
	ReloadAssembly (4355ms)
		BeginReloadAssembly (567ms)
			ExecutionOrderSort (0ms)
			DisableScriptedObjects (0ms)
			BackupInstance (0ms)
			ReleaseScriptingObjects (0ms)
			CreateAndSetChildDomain (4ms)
		EndReloadAssembly (3408ms)
			LoadAssemblies (539ms)
			RebuildTransferFunctionScriptingTraits (0ms)
			SetupTypeCache (362ms)
			ReleaseScriptCaches (0ms)
			RebuildScriptCaches (166ms)
			SetupLoadedEditorAssemblies (2638ms)
				LogAssemblyErrors (0ms)
				InitializePlatformSupportModulesInManaged (74ms)
				SetLoadedEditorAssemblies (1ms)
				RefreshPlugins (410ms)
				BeforeProcessingInitializeOnLoad (11ms)
				ProcessInitializeOnLoadAttributes (1945ms)
				ProcessInitializeOnLoadMethodAttributes (196ms)
				AfterProcessingInitializeOnLoad (0ms)
				EditorAssembliesLoaded (1ms)
			ExecutionOrderSort2 (0ms)
			AwakeInstancesAfterBackupRestoration (0ms)
Platform modules already initialized, skipping
Registering precompiled user dll's ...
Registered in 0.494114 seconds.
Begin MonoManager ReloadAssembly
Native extension for WindowsStandalone target not found
Refreshing native plugins compatible for Editor in 0.95 ms, found 2 plugins.
Preloading 0 native plugins for Editor in 0.00 ms.
Package Manager log level set to [2]
Mono: successfully reloaded assembly
- Completed reload, in  2.041 seconds
Domain Reload Profiling:
	ReloadAssembly (2042ms)
		BeginReloadAssembly (210ms)
			ExecutionOrderSort (0ms)
			DisableScriptedObjects (11ms)
			BackupInstance (0ms)
			ReleaseScriptingObjects (0ms)
			CreateAndSetChildDomain (32ms)
		EndReloadAssembly (1591ms)
			LoadAssemblies (182ms)
			RebuildTransferFunctionScriptingTraits (0ms)
			SetupTypeCache (436ms)
			ReleaseScriptCaches (1ms)
			RebuildScriptCaches (73ms)
			SetupLoadedEditorAssemblies (831ms)
				LogAssemblyErrors (0ms)
				InitializePlatformSupportModulesInManaged (19ms)
				SetLoadedEditorAssemblies (1ms)
				RefreshPlugins (1ms)
				BeforeProcessingInitializeOnLoad (218ms)
				ProcessInitializeOnLoadAttributes (358ms)
				ProcessInitializeOnLoadMethodAttributes (209ms)
				AfterProcessingInitializeOnLoad (25ms)
				EditorAssembliesLoaded (0ms)
			ExecutionOrderSort2 (0ms)
			AwakeInstancesAfterBackupRestoration (8ms)
Platform modules already initialized, skipping
========================================================================
Worker process is ready to serve import requests
Launched and connected shader compiler UnityShaderCompiler.exe after 0.07 seconds
Refreshing native plugins compatible for Editor in 6.16 ms, found 2 plugins.
Preloading 0 native plugins for Editor in 0.00 ms.
Unloading 2555 Unused Serialized files (Serialized files now loaded: 0)
Unloading 73 unused Assets / (57.3 KB). Loaded Objects now: 3003.
Memory consumption went from 115.0 MB to 115.0 MB.
Total: 9.705000 ms (FindLiveObjects: 0.269000 ms CreateObjectMapping: 0.121700 ms MarkObjects: 9.200600 ms  DeleteObjects: 0.112200 ms)

AssetImportParameters requested are different than current active one (requested -> active):
  custom:video-decoder-ogg-theora: a1e56fd34408186e4bbccfd4996cb3dc -> 
  custom:container-muxer-webm: aa71ff27fc2769a1b78a27578f13a17b -> 
  custom:container-demuxer-webm: 4f35f7cbe854078d1ac9338744f61a02 -> 
  custom:video-encoder-webm-vp8: eb34c28f22e8b96e1ab97ce403110664 -> 
  custom:audio-encoder-webm-vorbis: bf7c407c2cedff20999df2af8eb42d56 -> 
  custom:framework-win-MediaFoundation: 216162199b28c13a410421893ffa2e32 -> 
  custom:container-demuxer-ogg: 62fdf1f143b41e24485cea50d1cbac27 -> 
  custom:video-decoder-webm-vp8: 9c59270c3fd7afecdb556c50c9e8de78 -> 
  custom:audio-decoder-ogg-vorbis: bf7c407c2cedff20999df2af8eb42d56 -> 
========================================================================
Received Prepare
Registering precompiled user dll's ...
Registered in 0.033658 seconds.
Begin MonoManager ReloadAssembly
Native extension for WindowsStandalone target not found
Refreshing native plugins compatible for Editor in 3.97 ms, found 2 plugins.
Preloading 0 native plugins for Editor in 0.00 ms.
Mono: successfully reloaded assembly
- Completed reload, in  5.624 seconds
Domain Reload Profiling:
	ReloadAssembly (5627ms)
		BeginReloadAssembly (449ms)
			ExecutionOrderSort (0ms)
			DisableScriptedObjects (19ms)
			BackupInstance (0ms)
			ReleaseScriptingObjects (0ms)
			CreateAndSetChildDomain (45ms)
		EndReloadAssembly (4310ms)
			LoadAssemblies (472ms)
			RebuildTransferFunctionScriptingTraits (0ms)
			SetupTypeCache (1063ms)
			ReleaseScriptCaches (6ms)
			RebuildScriptCaches (234ms)
			SetupLoadedEditorAssemblies (2296ms)
				LogAssemblyErrors (0ms)
				InitializePlatformSupportModulesInManaged (79ms)
				SetLoadedEditorAssemblies (3ms)
				RefreshPlugins (4ms)
				BeforeProcessingInitializeOnLoad (517ms)
				ProcessInitializeOnLoadAttributes (945ms)
				ProcessInitializeOnLoadMethodAttributes (654ms)
				AfterProcessingInitializeOnLoad (94ms)
				EditorAssembliesLoaded (1ms)
			ExecutionOrderSort2 (0ms)
			AwakeInstancesAfterBackupRestoration (36ms)
Platform modules already initialized, skipping
Refreshing native plugins compatible for Editor in 124.49 ms, found 2 plugins.
Preloading 0 native plugins for Editor in 0.00 ms.
Unloading 2549 Unused Serialized files (Serialized files now loaded: 0)
Unloading 62 unused Assets / (25.7 KB). Loaded Objects now: 3006.
Memory consumption went from 114.9 MB to 114.9 MB.
Total: 26.072100 ms (FindLiveObjects: 0.769100 ms CreateObjectMapping: 0.375700 ms MarkObjects: 24.800000 ms  DeleteObjects: 0.123900 ms)

AssetImportParameters requested are different than current active one (requested -> active):
  custom:video-decoder-ogg-theora: a1e56fd34408186e4bbccfd4996cb3dc -> 
  custom:container-muxer-webm: aa71ff27fc2769a1b78a27578f13a17b -> 
  custom:container-demuxer-webm: 4f35f7cbe854078d1ac9338744f61a02 -> 
  custom:video-encoder-webm-vp8: eb34c28f22e8b96e1ab97ce403110664 -> 
  custom:audio-encoder-webm-vorbis: bf7c407c2cedff20999df2af8eb42d56 -> 
  custom:framework-win-MediaFoundation: 216162199b28c13a410421893ffa2e32 -> 
  custom:container-demuxer-ogg: 62fdf1f143b41e24485cea50d1cbac27 -> 
  custom:video-decoder-webm-vp8: 9c59270c3fd7afecdb556c50c9e8de78 -> 
  custom:audio-decoder-ogg-vorbis: bf7c407c2cedff20999df2af8eb42d56 -> 
========================================================================
Received Import Request.
  Time since last request: 661.297253 seconds.
  path: Assets/Scenes/6.BabyScene.unity
  artifactKey: Guid(a4b33d76dc0918b41b0bfffb8a3c10c1) Importer(815301076,1909f56bfc062723c751e8b465ee728b)
Start importing Assets/Scenes/6.BabyScene.unity using Guid(a4b33d76dc0918b41b0bfffb8a3c10c1) Importer(815301076,1909f56bfc062723c751e8b465ee728b)  -> (artifact id: '757b32f6b2a223f4a103cc13de3dbb17') in 0.062759 seconds 
========================================================================
Received Import Request.
  Time since last request: 128.581328 seconds.
  path: Assets/Scenes/3.Narrative1.unity
  artifactKey: Guid(b3af3e2970919d644bf4498735253b23) Importer(815301076,1909f56bfc062723c751e8b465ee728b)
Start importing Assets/Scenes/3.Narrative1.unity using Guid(b3af3e2970919d644bf4498735253b23) Importer(815301076,1909f56bfc062723c751e8b465ee728b)  -> (artifact id: '650e6d03716296cd9f11bf10afea905c') in 0.036102 seconds 
========================================================================
Received Import Request.
  Time since last request: 7.273511 seconds.
  path: Assets/Scenes/5.Narrative2.unity
  artifactKey: Guid(dec97f49ce9f4b949a7f9f1878ad334b) Importer(815301076,1909f56bfc062723c751e8b465ee728b)
Start importing Assets/Scenes/5.Narrative2.unity using Guid(dec97f49ce9f4b949a7f9f1878ad334b) Importer(815301076,1909f56bfc062723c751e8b465ee728b)  -> (artifact id: 'd64604b6d449d6ee590bcd3a91806e33') in 0.029747 seconds 
========================================================================
Received Import Request.
  Time since last request: 5.230104 seconds.
  path: Assets/Scenes/9.Narrative3.unity
  artifactKey: Guid(23c340479c013e0469ea6d17cf4d0863) Importer(815301076,1909f56bfc062723c751e8b465ee728b)
Start importing Assets/Scenes/9.Narrative3.unity using Guid(23c340479c013e0469ea6d17cf4d0863) Importer(815301076,1909f56bfc062723c751e8b465ee728b)  -> (artifact id: 'b546e10abad5e3d923a170149a658680') in 0.037167 seconds 
========================================================================
Received Import Request.
  Time since last request: 1.402728 seconds.
  path: Assets/Scenes/8.InformedConsentNonparent.unity
  artifactKey: Guid(e17699dfb01281b4a9f0bdf5d388bff2) Importer(815301076,1909f56bfc062723c751e8b465ee728b)
Start importing Assets/Scenes/8.InformedConsentNonparent.unity using Guid(e17699dfb01281b4a9f0bdf5d388bff2) Importer(815301076,1909f56bfc062723c751e8b465ee728b)  -> (artifact id: '58584bc0a9c3664a8f94a17ac2768d44') in 0.219086 seconds 
========================================================================
Received Import Request.
  Time since last request: 2.970469 seconds.
  path: Assets/Scenes/7.EndGame.unity
  artifactKey: Guid(f44fdc999d200564fba35c225f4631fe) Importer(815301076,1909f56bfc062723c751e8b465ee728b)
Start importing Assets/Scenes/7.EndGame.unity using Guid(f44fdc999d200564fba35c225f4631fe) Importer(815301076,1909f56bfc062723c751e8b465ee728b)  -> (artifact id: '448ae69e39336f35301a182b0a5ea8b6') in 0.023385 seconds 
========================================================================
Received Import Request.
  Time since last request: 2.984705 seconds.
  path: Assets/Scenes/4.NeutralScene.unity
  artifactKey: Guid(f5066c0ae3de2a4458c22f0eb4ab5f7c) Importer(815301076,1909f56bfc062723c751e8b465ee728b)
Start importing Assets/Scenes/4.NeutralScene.unity using Guid(f5066c0ae3de2a4458c22f0eb4ab5f7c) Importer(815301076,1909f56bfc062723c751e8b465ee728b)  -> (artifact id: 'bd23dd1bbfe7187ed66c05361ee1ac95') in 0.033567 seconds 
========================================================================
Received Prepare
Registering precompiled user dll's ...
Registered in 0.024887 seconds.
Begin MonoManager ReloadAssembly
Native extension for WindowsStandalone target not found
Refreshing native plugins compatible for Editor in 2.31 ms, found 2 plugins.
Preloading 0 native plugins for Editor in 0.00 ms.
Mono: successfully reloaded assembly
- Completed reload, in  5.497 seconds
Domain Reload Profiling:
	ReloadAssembly (5500ms)
		BeginReloadAssembly (720ms)
			ExecutionOrderSort (0ms)
			DisableScriptedObjects (37ms)
			BackupInstance (0ms)
			ReleaseScriptingObjects (0ms)
			CreateAndSetChildDomain (146ms)
		EndReloadAssembly (4244ms)
			LoadAssemblies (578ms)
			RebuildTransferFunctionScriptingTraits (0ms)
			SetupTypeCache (999ms)
			ReleaseScriptCaches (14ms)
			RebuildScriptCaches (396ms)
			SetupLoadedEditorAssemblies (2078ms)
				LogAssemblyErrors (0ms)
				InitializePlatformSupportModulesInManaged (71ms)
				SetLoadedEditorAssemblies (1ms)
				RefreshPlugins (2ms)
				BeforeProcessingInitializeOnLoad (385ms)
				ProcessInitializeOnLoadAttributes (895ms)
				ProcessInitializeOnLoadMethodAttributes (634ms)
				AfterProcessingInitializeOnLoad (89ms)
				EditorAssembliesLoaded (0ms)
			ExecutionOrderSort2 (0ms)
			AwakeInstancesAfterBackupRestoration (22ms)
Platform modules already initialized, skipping
Refreshing native plugins compatible for Editor in 85.99 ms, found 2 plugins.
Preloading 0 native plugins for Editor in 0.00 ms.
Unloading 2549 Unused Serialized files (Serialized files now loaded: 0)
Unloading 62 unused Assets / (25.6 KB). Loaded Objects now: 3009.
Memory consumption went from 115.0 MB to 114.9 MB.
Total: 26.330600 ms (FindLiveObjects: 0.561800 ms CreateObjectMapping: 0.407900 ms MarkObjects: 25.159200 ms  DeleteObjects: 0.196400 ms)

AssetImportParameters requested are different than current active one (requested -> active):
  custom:video-decoder-ogg-theora: a1e56fd34408186e4bbccfd4996cb3dc -> 
  custom:container-muxer-webm: aa71ff27fc2769a1b78a27578f13a17b -> 
  custom:container-demuxer-webm: 4f35f7cbe854078d1ac9338744f61a02 -> 
  custom:video-encoder-webm-vp8: eb34c28f22e8b96e1ab97ce403110664 -> 
  custom:audio-encoder-webm-vorbis: bf7c407c2cedff20999df2af8eb42d56 -> 
  custom:framework-win-MediaFoundation: 216162199b28c13a410421893ffa2e32 -> 
  custom:container-demuxer-ogg: 62fdf1f143b41e24485cea50d1cbac27 -> 
  custom:video-decoder-webm-vp8: 9c59270c3fd7afecdb556c50c9e8de78 -> 
  custom:audio-decoder-ogg-vorbis: bf7c407c2cedff20999df2af8eb42d56 -> 
========================================================================
Received Import Request.
  Time since last request: 119.385149 seconds.
  path: Assets/Scenes
  artifactKey: Guid(e4e639fbc4cf0574591dd3601d816f57) Importer(815301076,1909f56bfc062723c751e8b465ee728b)
Start importing Assets/Scenes using Guid(e4e639fbc4cf0574591dd3601d816f57) Importer(815301076,1909f56bfc062723c751e8b465ee728b)  -> (artifact id: '3afbb59294a1a9a7e848c43ee4488dd9') in 0.048171 seconds 
========================================================================
Received Import Request.
  Time since last request: 8.258855 seconds.
  path: Assets/Scripts
  artifactKey: Guid(22ad995d5b4af5b4c9165f586bdbbb35) Importer(815301076,1909f56bfc062723c751e8b465ee728b)
Start importing Assets/Scripts using Guid(22ad995d5b4af5b4c9165f586bdbbb35) Importer(815301076,1909f56bfc062723c751e8b465ee728b)  -> (artifact id: 'b2501f7e72c87e823c763683755a8132') in 0.029296 seconds 
========================================================================
Received Import Request.
  Time since last request: 4.243109 seconds.
  path: Assets/Scripts/VideoGameBaby
  artifactKey: Guid(1ed2f9ef72b1b064db16ecb6bb3be831) Importer(815301076,1909f56bfc062723c751e8b465ee728b)
Start importing Assets/Scripts/VideoGameBaby using Guid(1ed2f9ef72b1b064db16ecb6bb3be831) Importer(815301076,1909f56bfc062723c751e8b465ee728b)  -> (artifact id: '4aa7939575ea0c4adc65db01de6d6e7c') in 0.036714 seconds 
========================================================================
Received Import Request.
  Time since last request: 2.262883 seconds.
  path: Assets/Scripts/Backend
  artifactKey: Guid(83b71587b362ffe4c82a5980342d6ba8) Importer(815301076,1909f56bfc062723c751e8b465ee728b)
Start importing Assets/Scripts/Backend using Guid(83b71587b362ffe4c82a5980342d6ba8) Importer(815301076,1909f56bfc062723c751e8b465ee728b)  -> (artifact id: '27699b684bc91bd0208719cf320dcc73') in 0.036279 seconds 
========================================================================
Received Import Request.
  Time since last request: 1.447579 seconds.
  path: Assets/Scripts/Backend/AdvanceScenes.cs
  artifactKey: Guid(c12ae1434357eef48a6ebd65f33b25dc) Importer(815301076,1909f56bfc062723c751e8b465ee728b)
Start importing Assets/Scripts/Backend/AdvanceScenes.cs using Guid(c12ae1434357eef48a6ebd65f33b25dc) Importer(815301076,1909f56bfc062723c751e8b465ee728b)  -> (artifact id: '1ed556f9b75f81246eeb00f0f87ed12b') in 0.122446 seconds 
========================================================================
Received Import Request.
  Time since last request: 353.944845 seconds.
  path: Assets/Standard Assets/Cameras
  artifactKey: Guid(a6eb68ab5a096dd45844a1fa9c37082e) Importer(815301076,1909f56bfc062723c751e8b465ee728b)
Start importing Assets/Standard Assets/Cameras using Guid(a6eb68ab5a096dd45844a1fa9c37082e) Importer(815301076,1909f56bfc062723c751e8b465ee728b)  -> (artifact id: '0f7aa9157d9bb53ff5d65d99be15bc70') in 0.053260 seconds 
========================================================================
Received Import Request.
  Time since last request: 1.283573 seconds.
  path: Assets/Standard Assets/Cameras/Scripts
  artifactKey: Guid(e370d89098ca57241a9de69fecd8cf3d) Importer(815301076,1909f56bfc062723c751e8b465ee728b)
Start importing Assets/Standard Assets/Cameras/Scripts using Guid(e370d89098ca57241a9de69fecd8cf3d) Importer(815301076,1909f56bfc062723c751e8b465ee728b)  -> (artifact id: 'd3b4ab3ca589da7a7f8485fa497da6bd') in 0.098655 seconds 
